<?xml version="1.0" encoding="UTF-8"?>
<testng-results skipped="0" failed="0" total="1" passed="1">
  <reporter-output>
  </reporter-output>
  <suite name="Default suite" duration-ms="231902" started-at="2017-03-03T06:05:12Z" finished-at="2017-03-03T06:09:04Z">
    <groups>
    </groups>
    <test name="Default test" duration-ms="231902" started-at="2017-03-03T06:05:12Z" finished-at="2017-03-03T06:09:04Z">
      <class name="com.ill.admin.PageLibrary.SearchPageFactoryTestCase2">
        <test-method status="PASS" signature="setUp()[pri:0, instance:com.ill.admin.PageLibrary.SearchPageFactoryTestCase2@66a3ffec]" name="setUp" is-config="true" duration-ms="217746" started-at="2017-03-03T11:35:12Z" finished-at="2017-03-03T11:38:50Z">
          <reporter-output>
          </reporter-output>
        </test-method> <!-- setUp -->
        <test-method status="PASS" signature="test()[pri:0, instance:com.ill.admin.PageLibrary.SearchPageFactoryTestCase2@66a3ffec]" name="test" duration-ms="9036" started-at="2017-03-03T11:38:50Z" finished-at="2017-03-03T11:38:59Z">
          <reporter-output>
          </reporter-output>
        </test-method> <!-- test -->
        <test-method status="PASS" signature="tearDown()[pri:0, instance:com.ill.admin.PageLibrary.SearchPageFactoryTestCase2@66a3ffec]" name="tearDown" is-config="true" duration-ms="5101" started-at="2017-03-03T11:38:59Z" finished-at="2017-03-03T11:39:04Z">
          <reporter-output>
          </reporter-output>
        </test-method> <!-- tearDown -->
      </class> <!-- com.ill.admin.PageLibrary.SearchPageFactoryTestCase2 -->
    </test> <!-- Default test -->
  </suite> <!-- Default suite -->
</testng-results>
