<?xml version="1.0" encoding="UTF-8"?>
<!-- Generated by org.testng.reporters.JUnitXMLReporter -->
<testsuite hostname="Anjali" name="SmokeTest" tests="3" failures="1" timestamp="31 Jan 2017 10:52:33 GMT" time="32.837" errors="0">
  <testcase name="loginWithCorrectCredentials" time="31.296" classname="com.ill.admin.TestScript.TC1_Login"/>
  <testcase name="loginWithCorrectCredentials" time="0.005" classname="com.ill.admin.TestScript.TC1_Login">
    <skipped/>
  </testcase> <!-- loginWithCorrectCredentials -->
  <testcase name="addNewPoiTest" time="0.01" classname="com.ill.admin.TestScript.TC2_AddNewPoi">
    <failure type="java.lang.NullPointerException">
      <![CDATA[java.lang.NullPointerException
	at com.ill.admin.Utility.Utility.implicitWait(Utility.java:107)
	at com.ill.admin.TestScript.TC2_AddNewPoi.addNewPoiTest(TC2_AddNewPoi.java:17)
... Removed 24 stack frames]]>
    </failure>
  </testcase> <!-- addNewPoiTest -->
</testsuite> <!-- SmokeTest -->
